[0.077s] DEBUG:colcon:Command line arguments: ['/usr/bin/colcon', 'build']
[0.077s] DEBUG:colcon:Parsed command line arguments: Namespace(log_base=None, log_level=None, verb_name='build', build_base='build', install_base='install', merge_install=False, symlink_install=False, test_result_base=None, continue_on_error=False, executor='parallel', parallel_workers=6, event_handlers=None, ignore_user_meta=False, metas=['./colcon.meta'], base_paths=['.'], packages_ignore=None, packages_ignore_regex=None, paths=None, packages_up_to=None, packages_up_to_regex=None, packages_above=None, packages_above_and_dependencies=None, packages_above_depth=None, packages_select_by_dep=None, packages_skip_by_dep=None, packages_skip_up_to=None, packages_select_build_failed=False, packages_skip_build_finished=False, packages_select_test_failures=False, packages_skip_test_passed=False, packages_select=None, packages_skip=None, packages_select_regex=None, packages_skip_regex=None, packages_start=None, packages_end=None, allow_overriding=[], cmake_args=None, cmake_target=None, cmake_target_skip_unavailable=False, cmake_clean_cache=False, cmake_clean_first=False, cmake_force_configure=False, ament_cmake_args=None, catkin_cmake_args=None, catkin_skip_building_tests=False, verb_parser=<colcon_defaults.argument_parser.defaults.DefaultArgumentsDecorator object at 0x75f1fd858280>, verb_extension=<colcon_core.verb.build.BuildVerb object at 0x75f1fd9c1090>, main=<bound method BuildVerb.main of <colcon_core.verb.build.BuildVerb object at 0x75f1fd9c1090>>)
[0.128s] Level 1:colcon.colcon_core.package_discovery:discover_packages(colcon_meta) check parameters
[0.128s] Level 1:colcon.colcon_core.package_discovery:discover_packages(recursive) check parameters
[0.128s] Level 1:colcon.colcon_core.package_discovery:discover_packages(ignore) check parameters
[0.128s] Level 1:colcon.colcon_core.package_discovery:discover_packages(path) check parameters
[0.130s] Level 1:colcon.colcon_core.package_discovery:discover_packages(colcon_meta) discover
[0.130s] Level 1:colcon.colcon_core.package_discovery:discover_packages(recursive) discover
[0.130s] INFO:colcon.colcon_core.package_discovery:Crawling recursively for packages in '/home/ary/voice_ws'
[0.130s] Level 1:colcon.colcon_core.package_identification:_identify(.) by extensions ['ignore', 'ignore_ament_install']
[0.130s] Level 1:colcon.colcon_core.package_identification:_identify(.) by extension 'ignore'
[0.130s] Level 1:colcon.colcon_core.package_identification:_identify(.) by extension 'ignore_ament_install'
[0.130s] Level 1:colcon.colcon_core.package_identification:_identify(.) by extensions ['colcon_pkg']
[0.130s] Level 1:colcon.colcon_core.package_identification:_identify(.) by extension 'colcon_pkg'
[0.130s] Level 1:colcon.colcon_core.package_identification:_identify(.) by extensions ['colcon_meta']
[0.130s] Level 1:colcon.colcon_core.package_identification:_identify(.) by extension 'colcon_meta'
[0.130s] Level 1:colcon.colcon_core.package_identification:_identify(.) by extensions ['ros']
[0.130s] Level 1:colcon.colcon_core.package_identification:_identify(.) by extension 'ros'
[0.137s] Level 1:colcon.colcon_core.package_identification:_identify(.) by extensions ['cmake', 'python']
[0.137s] Level 1:colcon.colcon_core.package_identification:_identify(.) by extension 'cmake'
[0.137s] Level 1:colcon.colcon_core.package_identification:_identify(.) by extension 'python'
[0.137s] Level 1:colcon.colcon_core.package_identification:_identify(.) by extensions ['python_setup_py']
[0.137s] Level 1:colcon.colcon_core.package_identification:_identify(.) by extension 'python_setup_py'
[0.137s] Level 1:colcon.colcon_core.package_identification:_identify(build) by extensions ['ignore', 'ignore_ament_install']
[0.137s] Level 1:colcon.colcon_core.package_identification:_identify(build) by extension 'ignore'
[0.138s] Level 1:colcon.colcon_core.package_identification:_identify(build) ignored
[0.138s] Level 1:colcon.colcon_core.package_identification:_identify(install) by extensions ['ignore', 'ignore_ament_install']
[0.138s] Level 1:colcon.colcon_core.package_identification:_identify(install) by extension 'ignore'
[0.138s] Level 1:colcon.colcon_core.package_identification:_identify(install) ignored
[0.138s] Level 1:colcon.colcon_core.package_identification:_identify(log) by extensions ['ignore', 'ignore_ament_install']
[0.138s] Level 1:colcon.colcon_core.package_identification:_identify(log) by extension 'ignore'
[0.139s] Level 1:colcon.colcon_core.package_identification:_identify(log) ignored
[0.139s] Level 1:colcon.colcon_core.package_identification:_identify(models) by extensions ['ignore', 'ignore_ament_install']
[0.139s] Level 1:colcon.colcon_core.package_identification:_identify(models) by extension 'ignore'
[0.139s] Level 1:colcon.colcon_core.package_identification:_identify(models) by extension 'ignore_ament_install'
[0.139s] Level 1:colcon.colcon_core.package_identification:_identify(models) by extensions ['colcon_pkg']
[0.139s] Level 1:colcon.colcon_core.package_identification:_identify(models) by extension 'colcon_pkg'
[0.139s] Level 1:colcon.colcon_core.package_identification:_identify(models) by extensions ['colcon_meta']
[0.139s] Level 1:colcon.colcon_core.package_identification:_identify(models) by extension 'colcon_meta'
[0.139s] Level 1:colcon.colcon_core.package_identification:_identify(models) by extensions ['ros']
[0.139s] Level 1:colcon.colcon_core.package_identification:_identify(models) by extension 'ros'
[0.139s] Level 1:colcon.colcon_core.package_identification:_identify(models) by extensions ['cmake', 'python']
[0.139s] Level 1:colcon.colcon_core.package_identification:_identify(models) by extension 'cmake'
[0.139s] Level 1:colcon.colcon_core.package_identification:_identify(models) by extension 'python'
[0.139s] Level 1:colcon.colcon_core.package_identification:_identify(models) by extensions ['python_setup_py']
[0.139s] Level 1:colcon.colcon_core.package_identification:_identify(models) by extension 'python_setup_py'
[0.139s] Level 1:colcon.colcon_core.package_identification:_identify(models/vosk-model-small-en-us-0.15) by extensions ['ignore', 'ignore_ament_install']
[0.139s] Level 1:colcon.colcon_core.package_identification:_identify(models/vosk-model-small-en-us-0.15) by extension 'ignore'
[0.139s] Level 1:colcon.colcon_core.package_identification:_identify(models/vosk-model-small-en-us-0.15) by extension 'ignore_ament_install'
[0.139s] Level 1:colcon.colcon_core.package_identification:_identify(models/vosk-model-small-en-us-0.15) by extensions ['colcon_pkg']
[0.139s] Level 1:colcon.colcon_core.package_identification:_identify(models/vosk-model-small-en-us-0.15) by extension 'colcon_pkg'
[0.139s] Level 1:colcon.colcon_core.package_identification:_identify(models/vosk-model-small-en-us-0.15) by extensions ['colcon_meta']
[0.139s] Level 1:colcon.colcon_core.package_identification:_identify(models/vosk-model-small-en-us-0.15) by extension 'colcon_meta'
[0.139s] Level 1:colcon.colcon_core.package_identification:_identify(models/vosk-model-small-en-us-0.15) by extensions ['ros']
[0.139s] Level 1:colcon.colcon_core.package_identification:_identify(models/vosk-model-small-en-us-0.15) by extension 'ros'
[0.139s] Level 1:colcon.colcon_core.package_identification:_identify(models/vosk-model-small-en-us-0.15) by extensions ['cmake', 'python']
[0.139s] Level 1:colcon.colcon_core.package_identification:_identify(models/vosk-model-small-en-us-0.15) by extension 'cmake'
[0.139s] Level 1:colcon.colcon_core.package_identification:_identify(models/vosk-model-small-en-us-0.15) by extension 'python'
[0.139s] Level 1:colcon.colcon_core.package_identification:_identify(models/vosk-model-small-en-us-0.15) by extensions ['python_setup_py']
[0.139s] Level 1:colcon.colcon_core.package_identification:_identify(models/vosk-model-small-en-us-0.15) by extension 'python_setup_py'
[0.139s] Level 1:colcon.colcon_core.package_identification:_identify(models/vosk-model-small-en-us-0.15/am) by extensions ['ignore', 'ignore_ament_install']
[0.139s] Level 1:colcon.colcon_core.package_identification:_identify(models/vosk-model-small-en-us-0.15/am) by extension 'ignore'
[0.140s] Level 1:colcon.colcon_core.package_identification:_identify(models/vosk-model-small-en-us-0.15/am) by extension 'ignore_ament_install'
[0.140s] Level 1:colcon.colcon_core.package_identification:_identify(models/vosk-model-small-en-us-0.15/am) by extensions ['colcon_pkg']
[0.140s] Level 1:colcon.colcon_core.package_identification:_identify(models/vosk-model-small-en-us-0.15/am) by extension 'colcon_pkg'
[0.140s] Level 1:colcon.colcon_core.package_identification:_identify(models/vosk-model-small-en-us-0.15/am) by extensions ['colcon_meta']
[0.140s] Level 1:colcon.colcon_core.package_identification:_identify(models/vosk-model-small-en-us-0.15/am) by extension 'colcon_meta'
[0.140s] Level 1:colcon.colcon_core.package_identification:_identify(models/vosk-model-small-en-us-0.15/am) by extensions ['ros']
[0.140s] Level 1:colcon.colcon_core.package_identification:_identify(models/vosk-model-small-en-us-0.15/am) by extension 'ros'
[0.140s] Level 1:colcon.colcon_core.package_identification:_identify(models/vosk-model-small-en-us-0.15/am) by extensions ['cmake', 'python']
[0.140s] Level 1:colcon.colcon_core.package_identification:_identify(models/vosk-model-small-en-us-0.15/am) by extension 'cmake'
[0.140s] Level 1:colcon.colcon_core.package_identification:_identify(models/vosk-model-small-en-us-0.15/am) by extension 'python'
[0.140s] Level 1:colcon.colcon_core.package_identification:_identify(models/vosk-model-small-en-us-0.15/am) by extensions ['python_setup_py']
[0.140s] Level 1:colcon.colcon_core.package_identification:_identify(models/vosk-model-small-en-us-0.15/am) by extension 'python_setup_py'
[0.140s] Level 1:colcon.colcon_core.package_identification:_identify(models/vosk-model-small-en-us-0.15/conf) by extensions ['ignore', 'ignore_ament_install']
[0.140s] Level 1:colcon.colcon_core.package_identification:_identify(models/vosk-model-small-en-us-0.15/conf) by extension 'ignore'
[0.140s] Level 1:colcon.colcon_core.package_identification:_identify(models/vosk-model-small-en-us-0.15/conf) by extension 'ignore_ament_install'
[0.140s] Level 1:colcon.colcon_core.package_identification:_identify(models/vosk-model-small-en-us-0.15/conf) by extensions ['colcon_pkg']
[0.140s] Level 1:colcon.colcon_core.package_identification:_identify(models/vosk-model-small-en-us-0.15/conf) by extension 'colcon_pkg'
[0.140s] Level 1:colcon.colcon_core.package_identification:_identify(models/vosk-model-small-en-us-0.15/conf) by extensions ['colcon_meta']
[0.140s] Level 1:colcon.colcon_core.package_identification:_identify(models/vosk-model-small-en-us-0.15/conf) by extension 'colcon_meta'
[0.140s] Level 1:colcon.colcon_core.package_identification:_identify(models/vosk-model-small-en-us-0.15/conf) by extensions ['ros']
[0.140s] Level 1:colcon.colcon_core.package_identification:_identify(models/vosk-model-small-en-us-0.15/conf) by extension 'ros'
[0.140s] Level 1:colcon.colcon_core.package_identification:_identify(models/vosk-model-small-en-us-0.15/conf) by extensions ['cmake', 'python']
[0.140s] Level 1:colcon.colcon_core.package_identification:_identify(models/vosk-model-small-en-us-0.15/conf) by extension 'cmake'
[0.140s] Level 1:colcon.colcon_core.package_identification:_identify(models/vosk-model-small-en-us-0.15/conf) by extension 'python'
[0.140s] Level 1:colcon.colcon_core.package_identification:_identify(models/vosk-model-small-en-us-0.15/conf) by extensions ['python_setup_py']
[0.140s] Level 1:colcon.colcon_core.package_identification:_identify(models/vosk-model-small-en-us-0.15/conf) by extension 'python_setup_py'
[0.140s] Level 1:colcon.colcon_core.package_identification:_identify(models/vosk-model-small-en-us-0.15/graph) by extensions ['ignore', 'ignore_ament_install']
[0.140s] Level 1:colcon.colcon_core.package_identification:_identify(models/vosk-model-small-en-us-0.15/graph) by extension 'ignore'
[0.140s] Level 1:colcon.colcon_core.package_identification:_identify(models/vosk-model-small-en-us-0.15/graph) by extension 'ignore_ament_install'
[0.140s] Level 1:colcon.colcon_core.package_identification:_identify(models/vosk-model-small-en-us-0.15/graph) by extensions ['colcon_pkg']
[0.140s] Level 1:colcon.colcon_core.package_identification:_identify(models/vosk-model-small-en-us-0.15/graph) by extension 'colcon_pkg'
[0.140s] Level 1:colcon.colcon_core.package_identification:_identify(models/vosk-model-small-en-us-0.15/graph) by extensions ['colcon_meta']
[0.140s] Level 1:colcon.colcon_core.package_identification:_identify(models/vosk-model-small-en-us-0.15/graph) by extension 'colcon_meta'
[0.140s] Level 1:colcon.colcon_core.package_identification:_identify(models/vosk-model-small-en-us-0.15/graph) by extensions ['ros']
[0.140s] Level 1:colcon.colcon_core.package_identification:_identify(models/vosk-model-small-en-us-0.15/graph) by extension 'ros'
[0.140s] Level 1:colcon.colcon_core.package_identification:_identify(models/vosk-model-small-en-us-0.15/graph) by extensions ['cmake', 'python']
[0.140s] Level 1:colcon.colcon_core.package_identification:_identify(models/vosk-model-small-en-us-0.15/graph) by extension 'cmake'
[0.140s] Level 1:colcon.colcon_core.package_identification:_identify(models/vosk-model-small-en-us-0.15/graph) by extension 'python'
[0.140s] Level 1:colcon.colcon_core.package_identification:_identify(models/vosk-model-small-en-us-0.15/graph) by extensions ['python_setup_py']
[0.140s] Level 1:colcon.colcon_core.package_identification:_identify(models/vosk-model-small-en-us-0.15/graph) by extension 'python_setup_py'
[0.140s] Level 1:colcon.colcon_core.package_identification:_identify(models/vosk-model-small-en-us-0.15/graph/phones) by extensions ['ignore', 'ignore_ament_install']
[0.140s] Level 1:colcon.colcon_core.package_identification:_identify(models/vosk-model-small-en-us-0.15/graph/phones) by extension 'ignore'
[0.140s] Level 1:colcon.colcon_core.package_identification:_identify(models/vosk-model-small-en-us-0.15/graph/phones) by extension 'ignore_ament_install'
[0.140s] Level 1:colcon.colcon_core.package_identification:_identify(models/vosk-model-small-en-us-0.15/graph/phones) by extensions ['colcon_pkg']
[0.140s] Level 1:colcon.colcon_core.package_identification:_identify(models/vosk-model-small-en-us-0.15/graph/phones) by extension 'colcon_pkg'
[0.140s] Level 1:colcon.colcon_core.package_identification:_identify(models/vosk-model-small-en-us-0.15/graph/phones) by extensions ['colcon_meta']
[0.140s] Level 1:colcon.colcon_core.package_identification:_identify(models/vosk-model-small-en-us-0.15/graph/phones) by extension 'colcon_meta'
[0.140s] Level 1:colcon.colcon_core.package_identification:_identify(models/vosk-model-small-en-us-0.15/graph/phones) by extensions ['ros']
[0.140s] Level 1:colcon.colcon_core.package_identification:_identify(models/vosk-model-small-en-us-0.15/graph/phones) by extension 'ros'
[0.140s] Level 1:colcon.colcon_core.package_identification:_identify(models/vosk-model-small-en-us-0.15/graph/phones) by extensions ['cmake', 'python']
[0.140s] Level 1:colcon.colcon_core.package_identification:_identify(models/vosk-model-small-en-us-0.15/graph/phones) by extension 'cmake'
[0.140s] Level 1:colcon.colcon_core.package_identification:_identify(models/vosk-model-small-en-us-0.15/graph/phones) by extension 'python'
[0.140s] Level 1:colcon.colcon_core.package_identification:_identify(models/vosk-model-small-en-us-0.15/graph/phones) by extensions ['python_setup_py']
[0.140s] Level 1:colcon.colcon_core.package_identification:_identify(models/vosk-model-small-en-us-0.15/graph/phones) by extension 'python_setup_py'
[0.140s] Level 1:colcon.colcon_core.package_identification:_identify(models/vosk-model-small-en-us-0.15/ivector) by extensions ['ignore', 'ignore_ament_install']
[0.140s] Level 1:colcon.colcon_core.package_identification:_identify(models/vosk-model-small-en-us-0.15/ivector) by extension 'ignore'
[0.140s] Level 1:colcon.colcon_core.package_identification:_identify(models/vosk-model-small-en-us-0.15/ivector) by extension 'ignore_ament_install'
[0.140s] Level 1:colcon.colcon_core.package_identification:_identify(models/vosk-model-small-en-us-0.15/ivector) by extensions ['colcon_pkg']
[0.141s] Level 1:colcon.colcon_core.package_identification:_identify(models/vosk-model-small-en-us-0.15/ivector) by extension 'colcon_pkg'
[0.141s] Level 1:colcon.colcon_core.package_identification:_identify(models/vosk-model-small-en-us-0.15/ivector) by extensions ['colcon_meta']
[0.141s] Level 1:colcon.colcon_core.package_identification:_identify(models/vosk-model-small-en-us-0.15/ivector) by extension 'colcon_meta'
[0.141s] Level 1:colcon.colcon_core.package_identification:_identify(models/vosk-model-small-en-us-0.15/ivector) by extensions ['ros']
[0.141s] Level 1:colcon.colcon_core.package_identification:_identify(models/vosk-model-small-en-us-0.15/ivector) by extension 'ros'
[0.141s] Level 1:colcon.colcon_core.package_identification:_identify(models/vosk-model-small-en-us-0.15/ivector) by extensions ['cmake', 'python']
[0.141s] Level 1:colcon.colcon_core.package_identification:_identify(models/vosk-model-small-en-us-0.15/ivector) by extension 'cmake'
[0.141s] Level 1:colcon.colcon_core.package_identification:_identify(models/vosk-model-small-en-us-0.15/ivector) by extension 'python'
[0.141s] Level 1:colcon.colcon_core.package_identification:_identify(models/vosk-model-small-en-us-0.15/ivector) by extensions ['python_setup_py']
[0.141s] Level 1:colcon.colcon_core.package_identification:_identify(models/vosk-model-small-en-us-0.15/ivector) by extension 'python_setup_py'
[0.141s] Level 1:colcon.colcon_core.package_identification:_identify(src) by extensions ['ignore', 'ignore_ament_install']
[0.141s] Level 1:colcon.colcon_core.package_identification:_identify(src) by extension 'ignore'
[0.141s] Level 1:colcon.colcon_core.package_identification:_identify(src) by extension 'ignore_ament_install'
[0.141s] Level 1:colcon.colcon_core.package_identification:_identify(src) by extensions ['colcon_pkg']
[0.141s] Level 1:colcon.colcon_core.package_identification:_identify(src) by extension 'colcon_pkg'
[0.141s] Level 1:colcon.colcon_core.package_identification:_identify(src) by extensions ['colcon_meta']
[0.141s] Level 1:colcon.colcon_core.package_identification:_identify(src) by extension 'colcon_meta'
[0.141s] Level 1:colcon.colcon_core.package_identification:_identify(src) by extensions ['ros']
[0.141s] Level 1:colcon.colcon_core.package_identification:_identify(src) by extension 'ros'
[0.141s] Level 1:colcon.colcon_core.package_identification:_identify(src) by extensions ['cmake', 'python']
[0.141s] Level 1:colcon.colcon_core.package_identification:_identify(src) by extension 'cmake'
[0.141s] Level 1:colcon.colcon_core.package_identification:_identify(src) by extension 'python'
[0.141s] Level 1:colcon.colcon_core.package_identification:_identify(src) by extensions ['python_setup_py']
[0.141s] Level 1:colcon.colcon_core.package_identification:_identify(src) by extension 'python_setup_py'
[0.141s] Level 1:colcon.colcon_core.package_identification:_identify(src/voice_cmd_bot) by extensions ['ignore', 'ignore_ament_install']
[0.141s] Level 1:colcon.colcon_core.package_identification:_identify(src/voice_cmd_bot) by extension 'ignore'
[0.141s] Level 1:colcon.colcon_core.package_identification:_identify(src/voice_cmd_bot) by extension 'ignore_ament_install'
[0.141s] Level 1:colcon.colcon_core.package_identification:_identify(src/voice_cmd_bot) by extensions ['colcon_pkg']
[0.142s] Level 1:colcon.colcon_core.package_identification:_identify(src/voice_cmd_bot) by extension 'colcon_pkg'
[0.142s] Level 1:colcon.colcon_core.package_identification:_identify(src/voice_cmd_bot) by extensions ['colcon_meta']
[0.142s] Level 1:colcon.colcon_core.package_identification:_identify(src/voice_cmd_bot) by extension 'colcon_meta'
[0.142s] Level 1:colcon.colcon_core.package_identification:_identify(src/voice_cmd_bot) by extensions ['ros']
[0.142s] Level 1:colcon.colcon_core.package_identification:_identify(src/voice_cmd_bot) by extension 'ros'
[0.142s] DEBUG:colcon.colcon_core.package_identification:Package 'src/voice_cmd_bot' with type 'ros.ament_python' and name 'voice_cmd_bot'
[0.142s] Level 1:colcon.colcon_core.package_discovery:discover_packages(recursive) using defaults
[0.144s] Level 1:colcon.colcon_core.package_discovery:discover_packages(ignore) discover
[0.144s] Level 1:colcon.colcon_core.package_discovery:discover_packages(ignore) using defaults
[0.144s] Level 1:colcon.colcon_core.package_discovery:discover_packages(path) discover
[0.144s] Level 1:colcon.colcon_core.package_discovery:discover_packages(path) using defaults
[0.159s] Level 1:colcon.colcon_core.package_discovery:discover_packages(prefix_path) check parameters
[0.159s] Level 1:colcon.colcon_core.package_discovery:discover_packages(prefix_path) discover
[0.204s] DEBUG:colcon.colcon_installed_package_information.package_discovery:Found 1 installed packages in /home/ary/voice_ws/install
[0.205s] DEBUG:colcon.colcon_installed_package_information.package_discovery:Found 354 installed packages in /opt/ros/humble
[0.205s] Level 1:colcon.colcon_core.package_discovery:discover_packages(prefix_path) using defaults
[0.205s] Level 5:colcon.colcon_core.verb:set package 'voice_cmd_bot' build argument 'cmake_args' from command line to 'None'
[0.205s] Level 5:colcon.colcon_core.verb:set package 'voice_cmd_bot' build argument 'cmake_target' from command line to 'None'
[0.205s] Level 5:colcon.colcon_core.verb:set package 'voice_cmd_bot' build argument 'cmake_target_skip_unavailable' from command line to 'False'
[0.205s] Level 5:colcon.colcon_core.verb:set package 'voice_cmd_bot' build argument 'cmake_clean_cache' from command line to 'False'
[0.205s] Level 5:colcon.colcon_core.verb:set package 'voice_cmd_bot' build argument 'cmake_clean_first' from command line to 'False'
[0.205s] Level 5:colcon.colcon_core.verb:set package 'voice_cmd_bot' build argument 'cmake_force_configure' from command line to 'False'
[0.205s] Level 5:colcon.colcon_core.verb:set package 'voice_cmd_bot' build argument 'ament_cmake_args' from command line to 'None'
[0.205s] Level 5:colcon.colcon_core.verb:set package 'voice_cmd_bot' build argument 'catkin_cmake_args' from command line to 'None'
[0.205s] Level 5:colcon.colcon_core.verb:set package 'voice_cmd_bot' build argument 'catkin_skip_building_tests' from command line to 'False'
[0.205s] DEBUG:colcon.colcon_core.verb:Building package 'voice_cmd_bot' with the following arguments: {'ament_cmake_args': None, 'build_base': '/home/ary/voice_ws/build/voice_cmd_bot', 'catkin_cmake_args': None, 'catkin_skip_building_tests': False, 'cmake_args': None, 'cmake_clean_cache': False, 'cmake_clean_first': False, 'cmake_force_configure': False, 'cmake_target': None, 'cmake_target_skip_unavailable': False, 'install_base': '/home/ary/voice_ws/install/voice_cmd_bot', 'merge_install': False, 'path': '/home/ary/voice_ws/src/voice_cmd_bot', 'symlink_install': False, 'test_result_base': None}
[0.205s] INFO:colcon.colcon_core.executor:Executing jobs using 'parallel' executor
[0.205s] DEBUG:colcon.colcon_parallel_executor.executor.parallel:run_until_complete
[0.205s] INFO:colcon.colcon_ros.task.ament_python.build:Building ROS package in '/home/ary/voice_ws/src/voice_cmd_bot' with build type 'ament_python'
[0.205s] Level 1:colcon.colcon_core.shell:create_environment_hook('voice_cmd_bot', 'ament_prefix_path')
[0.235s] INFO:colcon.colcon_core.plugin_system:Skipping extension 'colcon_core.shell.bat': Not used on non-Windows systems
[0.235s] INFO:colcon.colcon_core.shell:Creating environment hook '/home/ary/voice_ws/install/voice_cmd_bot/share/voice_cmd_bot/hook/ament_prefix_path.ps1'
[0.235s] INFO:colcon.colcon_core.shell:Creating environment descriptor '/home/ary/voice_ws/install/voice_cmd_bot/share/voice_cmd_bot/hook/ament_prefix_path.dsv'
[0.235s] INFO:colcon.colcon_core.shell:Creating environment hook '/home/ary/voice_ws/install/voice_cmd_bot/share/voice_cmd_bot/hook/ament_prefix_path.sh'
[0.235s] INFO:colcon.colcon_core.shell:Skip shell extension 'powershell' for command environment: Not usable outside of PowerShell
[0.235s] DEBUG:colcon.colcon_core.shell:Skip shell extension 'dsv' for command environment
[0.380s] WARNING:colcon.colcon_ros.task.ament_python.build:Package 'voice_cmd_bot' doesn't explicitly install a marker in the package index (colcon-ros currently does it implicitly but that fallback will be removed in the future)
[0.380s] WARNING:colcon.colcon_ros.task.ament_python.build:Package 'voice_cmd_bot' doesn't explicitly install the 'package.xml' file (colcon-ros currently does it implicitly but that fallback will be removed in the future)
[0.383s] INFO:colcon.colcon_core.task.python.build:Building Python package in '/home/ary/voice_ws/src/voice_cmd_bot'
[0.383s] INFO:colcon.colcon_core.shell:Skip shell extension 'powershell' for command environment: Not usable outside of PowerShell
[0.383s] DEBUG:colcon.colcon_core.shell:Skip shell extension 'dsv' for command environment
[0.596s] DEBUG:colcon.colcon_core.event_handler.log_command:Invoking command in '/home/ary/voice_ws/src/voice_cmd_bot': PYTHONPATH=/home/ary/voice_ws/build/voice_cmd_bot/prefix_override:/usr/lib/python3/dist-packages/colcon_core/task/python/colcon_distutils_commands:/home/ary/voice_ws/install/voice_cmd_bot/lib/python3.10/site-packages:${PYTHONPATH} /usr/bin/python3 -W ignore:setup.py install is deprecated -W ignore:easy_install command is deprecated setup.py egg_info --egg-base ../../build/voice_cmd_bot build --build-base /home/ary/voice_ws/build/voice_cmd_bot/build install --record /home/ary/voice_ws/build/voice_cmd_bot/install.log --single-version-externally-managed
[0.787s] DEBUG:colcon.colcon_core.event_handler.log_command:Invoked command in '/home/ary/voice_ws/src/voice_cmd_bot' returned '0': PYTHONPATH=/home/ary/voice_ws/build/voice_cmd_bot/prefix_override:/usr/lib/python3/dist-packages/colcon_core/task/python/colcon_distutils_commands:/home/ary/voice_ws/install/voice_cmd_bot/lib/python3.10/site-packages:${PYTHONPATH} /usr/bin/python3 -W ignore:setup.py install is deprecated -W ignore:easy_install command is deprecated setup.py egg_info --egg-base ../../build/voice_cmd_bot build --build-base /home/ary/voice_ws/build/voice_cmd_bot/build install --record /home/ary/voice_ws/build/voice_cmd_bot/install.log --single-version-externally-managed
[0.787s] Level 1:colcon.colcon_core.environment:checking '/home/ary/voice_ws/install/voice_cmd_bot' for CMake module files
[0.787s] Level 1:colcon.colcon_core.environment:checking '/home/ary/voice_ws/install/voice_cmd_bot' for CMake config files
[0.787s] Level 1:colcon.colcon_core.environment:checking '/home/ary/voice_ws/install/voice_cmd_bot/lib'
[0.787s] Level 1:colcon.colcon_core.environment:checking '/home/ary/voice_ws/install/voice_cmd_bot/bin'
[0.787s] Level 1:colcon.colcon_core.environment:checking '/home/ary/voice_ws/install/voice_cmd_bot/lib/pkgconfig/voice_cmd_bot.pc'
[0.787s] Level 1:colcon.colcon_core.environment:checking '/home/ary/voice_ws/install/voice_cmd_bot/lib/python3.10/site-packages'
[0.787s] Level 1:colcon.colcon_core.shell:create_environment_hook('voice_cmd_bot', 'pythonpath')
[0.787s] INFO:colcon.colcon_core.shell:Creating environment hook '/home/ary/voice_ws/install/voice_cmd_bot/share/voice_cmd_bot/hook/pythonpath.ps1'
[0.787s] INFO:colcon.colcon_core.shell:Creating environment descriptor '/home/ary/voice_ws/install/voice_cmd_bot/share/voice_cmd_bot/hook/pythonpath.dsv'
[0.794s] INFO:colcon.colcon_core.shell:Creating environment hook '/home/ary/voice_ws/install/voice_cmd_bot/share/voice_cmd_bot/hook/pythonpath.sh'
[0.794s] Level 1:colcon.colcon_core.environment:checking '/home/ary/voice_ws/install/voice_cmd_bot/bin'
[0.794s] Level 1:colcon.colcon_core.environment:create_environment_scripts_only(voice_cmd_bot)
[0.794s] INFO:colcon.colcon_core.shell:Creating package script '/home/ary/voice_ws/install/voice_cmd_bot/share/voice_cmd_bot/package.ps1'
[0.794s] INFO:colcon.colcon_core.shell:Creating package descriptor '/home/ary/voice_ws/install/voice_cmd_bot/share/voice_cmd_bot/package.dsv'
[0.794s] INFO:colcon.colcon_core.shell:Creating package script '/home/ary/voice_ws/install/voice_cmd_bot/share/voice_cmd_bot/package.sh'
[0.794s] INFO:colcon.colcon_core.shell:Creating package script '/home/ary/voice_ws/install/voice_cmd_bot/share/voice_cmd_bot/package.bash'
[0.794s] INFO:colcon.colcon_core.shell:Creating package script '/home/ary/voice_ws/install/voice_cmd_bot/share/voice_cmd_bot/package.zsh'
[0.794s] Level 1:colcon.colcon_core.environment:create_file_with_runtime_dependencies(/home/ary/voice_ws/install/voice_cmd_bot/share/colcon-core/packages/voice_cmd_bot)
[0.794s] DEBUG:colcon.colcon_parallel_executor.executor.parallel:closing loop
[0.794s] DEBUG:colcon.colcon_parallel_executor.executor.parallel:loop closed
[0.801s] DEBUG:colcon.colcon_parallel_executor.executor.parallel:run_until_complete finished with '0'
[0.801s] DEBUG:colcon.colcon_core.event_reactor:joining thread
[0.811s] INFO:colcon.colcon_core.plugin_system:Skipping extension 'colcon_notification.desktop_notification.terminal_notifier': Not used on non-Darwin systems
[0.811s] INFO:colcon.colcon_core.plugin_system:Skipping extension 'colcon_notification.desktop_notification.win32': Not used on non-Windows systems
[0.811s] INFO:colcon.colcon_notification.desktop_notification:Sending desktop notification using 'notify2'
[0.822s] DEBUG:colcon.colcon_core.event_reactor:joined thread
[0.822s] INFO:colcon.colcon_core.shell:Creating prefix script '/home/ary/voice_ws/install/local_setup.ps1'
[0.822s] INFO:colcon.colcon_core.shell:Creating prefix util module '/home/ary/voice_ws/install/_local_setup_util_ps1.py'
[0.822s] INFO:colcon.colcon_core.shell:Creating prefix chain script '/home/ary/voice_ws/install/setup.ps1'
[0.822s] INFO:colcon.colcon_core.shell:Creating prefix script '/home/ary/voice_ws/install/local_setup.sh'
[0.828s] INFO:colcon.colcon_core.shell:Creating prefix util module '/home/ary/voice_ws/install/_local_setup_util_sh.py'
[0.828s] INFO:colcon.colcon_core.shell:Creating prefix chain script '/home/ary/voice_ws/install/setup.sh'
[0.828s] INFO:colcon.colcon_core.shell:Creating prefix script '/home/ary/voice_ws/install/local_setup.bash'
[0.828s] INFO:colcon.colcon_core.shell:Creating prefix chain script '/home/ary/voice_ws/install/setup.bash'
[0.828s] INFO:colcon.colcon_core.shell:Creating prefix script '/home/ary/voice_ws/install/local_setup.zsh'
[0.828s] INFO:colcon.colcon_core.shell:Creating prefix chain script '/home/ary/voice_ws/install/setup.zsh'
